

Version:	3.14
CmdLine:	D:\CENAS PARA COPIAR\PROJETO\GVGAI\test.exe --l4j-debug
WOW64:		yes
Working dir:	D:\CENAS PARA COPIAR\PROJETO\GVGAI\.
Java min ver:	1.008.000
Java max ver:	
64-bit search:	SOFTWARE\JavaSoft\Java Runtime Environment...
Check:		SOFTWARE\JavaSoft\Java Runtime Environment\1.8
Check launcher:	C:\Program Files\Java\jre1.8.0_301\bin\javaw.exe (OK)
Match:		1.008.000
Check:		SOFTWARE\JavaSoft\Java Runtime Environment\1.8.0_301
Check launcher:	C:\Program Files\Java\jre1.8.0_301\bin\javaw.exe (OK)
Match:		1.008.000_301
64-bit search:	SOFTWARE\JavaSoft\Java Development Kit...
64-bit search:	SOFTWARE\JavaSoft\JRE...
64-bit search:	SOFTWARE\JavaSoft\JDK...
Check:		SOFTWARE\JavaSoft\JDK\15.0.2
Check launcher:	C:\Program Files\Java\jdk-15.0.2\bin\javaw.exe (OK)
Match:		1.015.000_002
Runtime used:	1.015.000_002 (64-bit)
Launcher:	C:\Program Files\Java\jdk-15.0.2\bin\javaw.exe
Launcher args:	-jar "D:\CENAS PARA COPIAR\PROJETO\GVGAI\test.exe"
Args length:	50/32768 chars
Exit code:	0


Version:	3.14
CmdLine:	D:\CENAS PARA COPIAR\PROJETO\GVGAI\RUN_ME.exe --l4j-debug
WOW64:		yes
Working dir:	D:\CENAS PARA COPIAR\PROJETO\GVGAI\.
Java min ver:	1.005.000
Java max ver:	
64-bit search:	SOFTWARE\JavaSoft\Java Runtime Environment...
Check:		SOFTWARE\JavaSoft\Java Runtime Environment\1.8
Check launcher:	C:\Program Files\Java\jre1.8.0_301\bin\javaw.exe (OK)
Match:		1.008.000
Check:		SOFTWARE\JavaSoft\Java Runtime Environment\1.8.0_301
Check launcher:	C:\Program Files\Java\jre1.8.0_301\bin\javaw.exe (OK)
Match:		1.008.000_301
64-bit search:	SOFTWARE\JavaSoft\Java Development Kit...
64-bit search:	SOFTWARE\JavaSoft\JRE...
64-bit search:	SOFTWARE\JavaSoft\JDK...
Check:		SOFTWARE\JavaSoft\JDK\15.0.2
Check launcher:	C:\Program Files\Java\jdk-15.0.2\bin\javaw.exe (OK)
Match:		1.015.000_002
Runtime used:	1.015.000_002 (64-bit)
Launcher:	C:\Program Files\Java\jdk-15.0.2\bin\javaw.exe
Launcher args:	-jar "D:\CENAS PARA COPIAR\PROJETO\GVGAI\RUN_ME.exe"
Args length:	52/32768 chars
Exit code:	0
